0 info it worked if it ends with ok
1 verbose cli [ '/usr/bin/node', '/usr/bin/npm', 'start' ]
2 info using npm@6.14.4
3 info using node@v10.21.0
4 verbose run-script [ 'prestart', 'start', 'poststart' ]
5 info lifecycle backend@0.0.0~prestart: backend@0.0.0
6 info lifecycle backend@0.0.0~start: backend@0.0.0
7 verbose lifecycle backend@0.0.0~start: unsafe-perm in lifecycle true
8 verbose lifecycle backend@0.0.0~start: PATH: /usr/lib/node_modules/npm/node_modules/npm-lifecycle/node-gyp-bin:/home/ubuntu/wave/backend/node_modules/.bin:/usr/local/sbin:/usr/local/bin:/usr/sbin:/usr/bin:/sbin:/bin:/usr/games:/usr/local/games:/snap/bin
9 verbose lifecycle backend@0.0.0~start: CWD: /home/ubuntu/wave/backend
10 silly lifecycle backend@0.0.0~start: Args: [ '-c', 'node ./bin/www' ]
11 silly lifecycle backend@0.0.0~start: Returned: code: 143  signal: null
12 info lifecycle backend@0.0.0~start: Failed to exec start script
13 verbose stack Error: backend@0.0.0 start: `node ./bin/www`
13 verbose stack Exit status 143
13 verbose stack     at EventEmitter.<anonymous> (/usr/lib/node_modules/npm/node_modules/npm-lifecycle/index.js:332:16)
13 verbose stack     at EventEmitter.emit (events.js:198:13)
13 verbose stack     at ChildProcess.<anonymous> (/usr/lib/node_modules/npm/node_modules/npm-lifecycle/lib/spawn.js:55:14)
13 verbose stack     at ChildProcess.emit (events.js:198:13)
13 verbose stack     at maybeClose (internal/child_process.js:982:16)
13 verbose stack     at Process.ChildProcess._handle.onexit (internal/child_process.js:259:5)
14 verbose pkgid backend@0.0.0
15 verbose cwd /home/ubuntu/wave/backend
16 verbose Linux 5.4.0-1015-aws
17 verbose argv "/usr/bin/node" "/usr/bin/npm" "start"
18 verbose node v10.21.0
19 verbose npm  v6.14.4
20 error code ELIFECYCLE
21 error errno 143
22 error backend@0.0.0 start: `node ./bin/www`
22 error Exit status 143
23 error Failed at the backend@0.0.0 start script.
23 error This is probably not a problem with npm. There is likely additional logging output above.
24 verbose exit [ 143, true ]
