0 info it worked if it ends with ok
1 verbose cli [ '/usr/bin/node', '/usr/bin/npm', 'run', 'dev' ]
2 info using npm@6.14.4
3 info using node@v10.21.0
4 verbose run-script [ 'predev', 'dev', 'postdev' ]
5 info lifecycle wave@1.0.0~predev: wave@1.0.0
6 info lifecycle wave@1.0.0~dev: wave@1.0.0
7 verbose lifecycle wave@1.0.0~dev: unsafe-perm in lifecycle true
8 verbose lifecycle wave@1.0.0~dev: PATH: /usr/lib/node_modules/npm/node_modules/npm-lifecycle/node-gyp-bin:/home/ubuntu/wave/frontend/node_modules/.bin:/usr/local/sbin:/usr/local/bin:/usr/sbin:/usr/bin:/sbin:/bin:/usr/games:/usr/local/games:/snap/bin
9 verbose lifecycle wave@1.0.0~dev: CWD: /home/ubuntu/wave/frontend
10 silly lifecycle wave@1.0.0~dev: Args: [ '-c',
10 silly lifecycle   'webpack-dev-server --inline --progress --config build/webpack.dev.conf.js' ]
11 silly lifecycle wave@1.0.0~dev: Returned: code: 1  signal: null
12 info lifecycle wave@1.0.0~dev: Failed to exec dev script
13 verbose stack Error: wave@1.0.0 dev: `webpack-dev-server --inline --progress --config build/webpack.dev.conf.js`
13 verbose stack Exit status 1
13 verbose stack     at EventEmitter.<anonymous> (/usr/lib/node_modules/npm/node_modules/npm-lifecycle/index.js:332:16)
13 verbose stack     at EventEmitter.emit (events.js:198:13)
13 verbose stack     at ChildProcess.<anonymous> (/usr/lib/node_modules/npm/node_modules/npm-lifecycle/lib/spawn.js:55:14)
13 verbose stack     at ChildProcess.emit (events.js:198:13)
13 verbose stack     at maybeClose (internal/child_process.js:982:16)
13 verbose stack     at Process.ChildProcess._handle.onexit (internal/child_process.js:259:5)
14 verbose pkgid wave@1.0.0
15 verbose cwd /home/ubuntu/wave/frontend
16 verbose Linux 5.4.0-1015-aws
17 verbose argv "/usr/bin/node" "/usr/bin/npm" "run" "dev"
18 verbose node v10.21.0
19 verbose npm  v6.14.4
20 error code ELIFECYCLE
21 error errno 1
22 error wave@1.0.0 dev: `webpack-dev-server --inline --progress --config build/webpack.dev.conf.js`
22 error Exit status 1
23 error Failed at the wave@1.0.0 dev script.
23 error This is probably not a problem with npm. There is likely additional logging output above.
24 verbose exit [ 1, true ]
